[2026-06-13T16:33:19] START TASK-RA-003: task-work implementation
[2026-06-13T16:34:19] SNAPSHOT TASK-RA-003: elapsed=60s, phase=task-work implementation, files_changed=0, last_tool=Read
[2026-06-13T16:35:19] SNAPSHOT TASK-RA-003: elapsed=120s, phase=task-work implementation, files_changed=0, last_tool=Read
[2026-06-13T16:36:19] SNAPSHOT TASK-RA-003: elapsed=180s, phase=task-work implementation, files_changed=1, last_tool=Bash
[2026-06-13T16:37:19] SNAPSHOT TASK-RA-003: elapsed=240s, phase=task-work implementation, files_changed=5, last_tool=Edit
[2026-06-13T16:38:19] SNAPSHOT TASK-RA-003: elapsed=300s, phase=task-work implementation, files_changed=6, last_tool=Bash
[2026-06-13T16:39:15] START TASK-RA-003: specialist:test-orchestrator invocation
[2026-06-13T16:40:15] SNAPSHOT TASK-RA-003: elapsed=60s, phase=specialist:test-orchestrator invocation, files_changed=0, last_tool=Bash
[2026-06-13T16:40:23] START TASK-RA-003: specialist:code-reviewer invocation
[2026-06-13T16:41:23] SNAPSHOT TASK-RA-003: elapsed=60s, phase=specialist:code-reviewer invocation, files_changed=0, last_tool=Bash
[2026-06-13T16:42:23] SNAPSHOT TASK-RA-003: elapsed=120s, phase=specialist:code-reviewer invocation, files_changed=0, last_tool=Read
[2026-06-13T16:42:51] START TASK-RA-003: Coach invocation
[2026-06-13T16:43:51] SNAPSHOT TASK-RA-003: elapsed=60s, phase=Coach invocation, files_changed=0
[2026-06-13T16:44:13] START TASK-RA-003: task-work implementation
[2026-06-13T16:45:13] SNAPSHOT TASK-RA-003: elapsed=60s, phase=task-work implementation, files_changed=0, last_tool=Bash
[2026-06-13T16:45:47] START TASK-RA-003: specialist:test-orchestrator invocation
[2026-06-13T16:46:47] SNAPSHOT TASK-RA-003: elapsed=60s, phase=specialist:test-orchestrator invocation, files_changed=0, last_tool=Bash
[2026-06-13T16:47:25] START TASK-RA-003: specialist:code-reviewer invocation
[2026-06-13T16:48:25] SNAPSHOT TASK-RA-003: elapsed=60s, phase=specialist:code-reviewer invocation, files_changed=0, last_tool=Read
[2026-06-13T16:49:25] SNAPSHOT TASK-RA-003: elapsed=120s, phase=specialist:code-reviewer invocation, files_changed=0, last_tool=Bash
[2026-06-13T16:49:42] START TASK-RA-003: Coach invocation
[2026-06-13T16:50:42] SNAPSHOT TASK-RA-003: elapsed=60s, phase=Coach invocation, files_changed=0
[2026-06-13T16:50:57] START TASK-RA-003: task-work implementation
[2026-06-13T16:51:57] SNAPSHOT TASK-RA-003: elapsed=60s, phase=task-work implementation, files_changed=0, last_tool=Bash
[2026-06-13T16:52:57] SNAPSHOT TASK-RA-003: elapsed=120s, phase=task-work implementation, files_changed=0, last_tool=Read
[2026-06-13T16:53:42] START TASK-RA-003: specialist:test-orchestrator invocation
[2026-06-13T16:54:42] SNAPSHOT TASK-RA-003: elapsed=60s, phase=specialist:test-orchestrator invocation, files_changed=1, last_tool=Read
[2026-06-13T16:54:46] START TASK-RA-003: specialist:code-reviewer invocation
[2026-06-13T16:55:46] SNAPSHOT TASK-RA-003: elapsed=60s, phase=specialist:code-reviewer invocation, files_changed=0, last_tool=Bash
[2026-06-13T16:56:46] SNAPSHOT TASK-RA-003: elapsed=120s, phase=specialist:code-reviewer invocation, files_changed=0, last_tool=Read
[2026-06-13T16:57:22] START TASK-RA-003: Coach invocation
[2026-06-13T16:58:22] SNAPSHOT TASK-RA-003: elapsed=60s, phase=Coach invocation, files_changed=0
[2026-06-13T16:58:42] COMPLETE TASK-RA-003: elapsed=1523s, decision=unrecoverable_stall, snapshots=1
[2026-06-13T17:00:51] START TASK-RA-003: task-work implementation
[2026-06-13T17:01:51] SNAPSHOT TASK-RA-003: elapsed=60s, phase=task-work implementation, files_changed=0, last_tool=Bash
[2026-06-13T17:02:51] SNAPSHOT TASK-RA-003: elapsed=120s, phase=task-work implementation, files_changed=1, last_tool=Write
[2026-06-13T17:03:28] START TASK-RA-003: specialist:test-orchestrator invocation
[2026-06-13T17:04:28] SNAPSHOT TASK-RA-003: elapsed=60s, phase=specialist:test-orchestrator invocation, files_changed=1, last_tool=Read
[2026-06-13T17:05:03] START TASK-RA-003: specialist:code-reviewer invocation
[2026-06-13T17:06:03] SNAPSHOT TASK-RA-003: elapsed=60s, phase=specialist:code-reviewer invocation, files_changed=0, last_tool=Grep
[2026-06-13T17:07:03] SNAPSHOT TASK-RA-003: elapsed=120s, phase=specialist:code-reviewer invocation, files_changed=0, last_tool=Read
[2026-06-13T17:07:55] START TASK-RA-003: Coach invocation
[2026-06-13T17:08:55] SNAPSHOT TASK-RA-003: elapsed=60s, phase=Coach invocation, files_changed=0
[2026-06-13T17:09:17] COMPLETE TASK-RA-003: elapsed=508s, decision=approved, snapshots=1
