[2026-06-12T18:17:36] START TASK-MEM-004: task-work implementation
[2026-06-12T18:18:36] SNAPSHOT TASK-MEM-004: elapsed=60s, phase=task-work implementation, files_changed=0, last_tool=Read
[2026-06-12T18:19:36] SNAPSHOT TASK-MEM-004: elapsed=120s, phase=task-work implementation, files_changed=0, last_tool=Bash
[2026-06-12T18:20:36] SNAPSHOT TASK-MEM-004: elapsed=180s, phase=task-work implementation, files_changed=5, last_tool=Write
[2026-06-12T18:21:36] SNAPSHOT TASK-MEM-004: elapsed=240s, phase=task-work implementation, files_changed=6, last_tool=Bash
[2026-06-12T18:22:36] SNAPSHOT TASK-MEM-004: elapsed=300s, phase=task-work implementation, files_changed=6, last_tool=Bash
[2026-06-12T18:23:36] SNAPSHOT TASK-MEM-004: elapsed=360s, phase=task-work implementation, files_changed=6, last_tool=Bash
[2026-06-12T18:24:36] SNAPSHOT TASK-MEM-004: elapsed=420s, phase=task-work implementation, files_changed=7, last_tool=Bash
[2026-06-12T18:25:36] SNAPSHOT TASK-MEM-004: elapsed=480s, phase=task-work implementation, files_changed=8, last_tool=Bash
[2026-06-12T18:26:30] START TASK-MEM-004: specialist:test-orchestrator invocation
[2026-06-12T18:27:18] START TASK-MEM-004: specialist:code-reviewer invocation
[2026-06-12T18:28:18] SNAPSHOT TASK-MEM-004: elapsed=60s, phase=specialist:code-reviewer invocation, files_changed=0, last_tool=Bash
[2026-06-12T18:29:18] SNAPSHOT TASK-MEM-004: elapsed=120s, phase=specialist:code-reviewer invocation, files_changed=0, last_tool=Bash
[2026-06-12T18:30:15] START TASK-MEM-004: Coach invocation
[2026-06-12T18:31:15] SNAPSHOT TASK-MEM-004: elapsed=60s, phase=Coach invocation, files_changed=0
[2026-06-12T18:32:13] START TASK-MEM-004: task-work implementation
[2026-06-12T18:33:13] SNAPSHOT TASK-MEM-004: elapsed=60s, phase=task-work implementation, files_changed=0, last_tool=Bash
[2026-06-12T18:34:13] SNAPSHOT TASK-MEM-004: elapsed=120s, phase=task-work implementation, files_changed=0, last_tool=Read
[2026-06-12T18:34:37] START TASK-MEM-004: specialist:test-orchestrator invocation
[2026-06-12T18:35:37] SNAPSHOT TASK-MEM-004: elapsed=60s, phase=specialist:test-orchestrator invocation, files_changed=0, last_tool=Read
[2026-06-12T18:35:57] START TASK-MEM-004: specialist:code-reviewer invocation
[2026-06-12T18:36:57] SNAPSHOT TASK-MEM-004: elapsed=60s, phase=specialist:code-reviewer invocation, files_changed=0, last_tool=Bash
[2026-06-12T18:37:57] SNAPSHOT TASK-MEM-004: elapsed=120s, phase=specialist:code-reviewer invocation, files_changed=0, last_tool=Read
[2026-06-12T18:38:57] SNAPSHOT TASK-MEM-004: elapsed=180s, phase=specialist:code-reviewer invocation, files_changed=0, last_tool=Read
[2026-06-12T18:39:13] START TASK-MEM-004: Coach invocation
[2026-06-12T18:40:13] SNAPSHOT TASK-MEM-004: elapsed=60s, phase=Coach invocation, files_changed=0
[2026-06-12T18:41:13] SNAPSHOT TASK-MEM-004: elapsed=120s, phase=Coach invocation, files_changed=0
[2026-06-12T18:41:19] START TASK-MEM-004: task-work implementation
[2026-06-12T18:42:19] SNAPSHOT TASK-MEM-004: elapsed=60s, phase=task-work implementation, files_changed=0, last_tool=Read
[2026-06-12T18:43:19] SNAPSHOT TASK-MEM-004: elapsed=120s, phase=task-work implementation, files_changed=0, last_tool=Bash
[2026-06-12T18:44:19] START TASK-MEM-004: specialist:test-orchestrator invocation
[2026-06-12T18:45:17] START TASK-MEM-004: specialist:code-reviewer invocation
[2026-06-12T18:46:17] SNAPSHOT TASK-MEM-004: elapsed=60s, phase=specialist:code-reviewer invocation, files_changed=0, last_tool=Bash
[2026-06-12T18:46:32] START TASK-MEM-004: Coach invocation
[2026-06-12T18:47:32] SNAPSHOT TASK-MEM-004: elapsed=60s, phase=Coach invocation, files_changed=0
[2026-06-12T18:48:32] SNAPSHOT TASK-MEM-004: elapsed=120s, phase=Coach invocation, files_changed=0
[2026-06-12T18:49:32] SNAPSHOT TASK-MEM-004: elapsed=180s, phase=Coach invocation, files_changed=0
[2026-06-12T18:50:30] COMPLETE TASK-MEM-004: elapsed=1975s, decision=unrecoverable_stall, snapshots=3
[2026-06-12T18:52:08] START TASK-MEM-004: task-work implementation
[2026-06-12T18:53:08] SNAPSHOT TASK-MEM-004: elapsed=60s, phase=task-work implementation, files_changed=0, last_tool=Read
[2026-06-12T18:54:08] SNAPSHOT TASK-MEM-004: elapsed=120s, phase=task-work implementation, files_changed=0, last_tool=Bash
[2026-06-12T18:55:08] SNAPSHOT TASK-MEM-004: elapsed=180s, phase=task-work implementation, files_changed=0, last_tool=Bash
[2026-06-12T18:56:08] SNAPSHOT TASK-MEM-004: elapsed=240s, phase=task-work implementation, files_changed=1, last_tool=Read
[2026-06-12T18:57:08] SNAPSHOT TASK-MEM-004: elapsed=300s, phase=task-work implementation, files_changed=1, last_tool=Bash
[2026-06-12T18:58:08] SNAPSHOT TASK-MEM-004: elapsed=360s, phase=task-work implementation, files_changed=2, last_tool=Read
[2026-06-12T18:58:37] START TASK-MEM-004: specialist:test-orchestrator invocation
[2026-06-12T18:59:37] SNAPSHOT TASK-MEM-004: elapsed=60s, phase=specialist:test-orchestrator invocation, files_changed=0, last_tool=Read
[2026-06-12T19:00:15] START TASK-MEM-004: specialist:code-reviewer invocation
[2026-06-12T19:01:15] SNAPSHOT TASK-MEM-004: elapsed=60s, phase=specialist:code-reviewer invocation, files_changed=0, last_tool=Bash
[2026-06-12T19:02:15] SNAPSHOT TASK-MEM-004: elapsed=120s, phase=specialist:code-reviewer invocation, files_changed=0, last_tool=Bash
[2026-06-12T19:02:52] START TASK-MEM-004: Coach invocation
[2026-06-12T19:03:52] SNAPSHOT TASK-MEM-004: elapsed=60s, phase=Coach invocation, files_changed=0
[2026-06-12T19:04:06] START TASK-MEM-004: task-work implementation
[2026-06-12T19:05:06] SNAPSHOT TASK-MEM-004: elapsed=60s, phase=task-work implementation, files_changed=0, last_tool=Bash
[2026-06-12T19:06:06] SNAPSHOT TASK-MEM-004: elapsed=120s, phase=task-work implementation, files_changed=1, last_tool=Read
[2026-06-12T19:07:06] SNAPSHOT TASK-MEM-004: elapsed=180s, phase=task-work implementation, files_changed=2, last_tool=Write
[2026-06-12T19:07:14] START TASK-MEM-004: specialist:test-orchestrator invocation
[2026-06-12T19:08:08] START TASK-MEM-004: specialist:code-reviewer invocation
[2026-06-12T19:09:08] SNAPSHOT TASK-MEM-004: elapsed=60s, phase=specialist:code-reviewer invocation, files_changed=0, last_tool=Bash
[2026-06-12T19:10:08] SNAPSHOT TASK-MEM-004: elapsed=120s, phase=specialist:code-reviewer invocation, files_changed=0, last_tool=Bash
[2026-06-12T19:10:36] START TASK-MEM-004: Coach invocation
[2026-06-12T19:11:36] SNAPSHOT TASK-MEM-004: elapsed=60s, phase=Coach invocation, files_changed=0
[2026-06-12T19:11:44] START TASK-MEM-004: task-work implementation
[2026-06-12T19:12:44] SNAPSHOT TASK-MEM-004: elapsed=60s, phase=task-work implementation, files_changed=0, last_tool=Bash
[2026-06-12T19:13:44] SNAPSHOT TASK-MEM-004: elapsed=120s, phase=task-work implementation, files_changed=0, last_tool=Bash
[2026-06-12T19:14:44] SNAPSHOT TASK-MEM-004: elapsed=180s, phase=task-work implementation, files_changed=1, last_tool=Read
[2026-06-12T19:15:32] START TASK-MEM-004: specialist:test-orchestrator invocation
[2026-06-12T19:16:32] SNAPSHOT TASK-MEM-004: elapsed=60s, phase=specialist:test-orchestrator invocation, files_changed=0, last_tool=Bash
[2026-06-12T19:17:22] START TASK-MEM-004: specialist:code-reviewer invocation
[2026-06-12T19:18:22] SNAPSHOT TASK-MEM-004: elapsed=60s, phase=specialist:code-reviewer invocation, files_changed=0, last_tool=Bash
[2026-06-12T19:19:22] SNAPSHOT TASK-MEM-004: elapsed=120s, phase=specialist:code-reviewer invocation, files_changed=0, last_tool=Bash
[2026-06-12T19:20:10] START TASK-MEM-004: Coach invocation
[2026-06-12T19:21:10] SNAPSHOT TASK-MEM-004: elapsed=60s, phase=Coach invocation, files_changed=0
[2026-06-12T19:22:10] SNAPSHOT TASK-MEM-004: elapsed=120s, phase=Coach invocation, files_changed=0
[2026-06-12T19:22:22] COMPLETE TASK-MEM-004: elapsed=1816s, decision=approved, snapshots=2
