[2026-06-12T19:44:54] START TASK-MEM-006: task-work implementation
[2026-06-12T19:45:54] SNAPSHOT TASK-MEM-006: elapsed=60s, phase=task-work implementation, files_changed=0, last_tool=Read
[2026-06-12T19:46:54] SNAPSHOT TASK-MEM-006: elapsed=120s, phase=task-work implementation, files_changed=1, last_tool=Write
[2026-06-12T19:47:54] SNAPSHOT TASK-MEM-006: elapsed=180s, phase=task-work implementation, files_changed=3, last_tool=Edit
[2026-06-12T19:48:54] SNAPSHOT TASK-MEM-006: elapsed=240s, phase=task-work implementation, files_changed=5, last_tool=Bash
[2026-06-12T19:49:54] SNAPSHOT TASK-MEM-006: elapsed=300s, phase=task-work implementation, files_changed=8, last_tool=Bash
[2026-06-12T19:50:54] SNAPSHOT TASK-MEM-006: elapsed=360s, phase=task-work implementation, files_changed=10, last_tool=Bash
[2026-06-12T19:51:54] SNAPSHOT TASK-MEM-006: elapsed=420s, phase=task-work implementation, files_changed=11, last_tool=Write
[2026-06-12T19:52:09] START TASK-MEM-006: specialist:test-orchestrator invocation
[2026-06-12T19:53:09] SNAPSHOT TASK-MEM-006: elapsed=60s, phase=specialist:test-orchestrator invocation, files_changed=1, last_tool=Write
[2026-06-12T19:53:16] START TASK-MEM-006: specialist:code-reviewer invocation
[2026-06-12T19:54:16] SNAPSHOT TASK-MEM-006: elapsed=60s, phase=specialist:code-reviewer invocation, files_changed=0, last_tool=Read
[2026-06-12T19:55:16] SNAPSHOT TASK-MEM-006: elapsed=120s, phase=specialist:code-reviewer invocation, files_changed=0, last_tool=Read
[2026-06-12T19:56:16] SNAPSHOT TASK-MEM-006: elapsed=180s, phase=specialist:code-reviewer invocation, files_changed=0, last_tool=Read
[2026-06-12T19:56:18] START TASK-MEM-006: Coach invocation
[2026-06-12T19:57:18] SNAPSHOT TASK-MEM-006: elapsed=60s, phase=Coach invocation, files_changed=0
[2026-06-12T19:58:18] SNAPSHOT TASK-MEM-006: elapsed=120s, phase=Coach invocation, files_changed=0
[2026-06-12T19:58:37] START TASK-MEM-006: task-work implementation
[2026-06-12T19:59:37] SNAPSHOT TASK-MEM-006: elapsed=60s, phase=task-work implementation, files_changed=0, last_tool=Read
[2026-06-12T19:59:55] START TASK-MEM-006: specialist:test-orchestrator invocation
[2026-06-12T20:00:55] SNAPSHOT TASK-MEM-006: elapsed=60s, phase=specialist:test-orchestrator invocation, files_changed=1, last_tool=Write
[2026-06-12T20:01:11] START TASK-MEM-006: specialist:code-reviewer invocation
[2026-06-12T20:02:11] SNAPSHOT TASK-MEM-006: elapsed=60s, phase=specialist:code-reviewer invocation, files_changed=0, last_tool=Bash
[2026-06-12T20:03:11] SNAPSHOT TASK-MEM-006: elapsed=120s, phase=specialist:code-reviewer invocation, files_changed=0, last_tool=Read
[2026-06-12T20:04:11] SNAPSHOT TASK-MEM-006: elapsed=180s, phase=specialist:code-reviewer invocation, files_changed=0, last_tool=Grep
[2026-06-12T20:04:23] START TASK-MEM-006: Coach invocation
[2026-06-12T20:05:23] SNAPSHOT TASK-MEM-006: elapsed=60s, phase=Coach invocation, files_changed=0
[2026-06-12T20:06:23] SNAPSHOT TASK-MEM-006: elapsed=120s, phase=Coach invocation, files_changed=0
[2026-06-12T20:06:48] START TASK-MEM-006: task-work implementation
[2026-06-12T20:07:48] SNAPSHOT TASK-MEM-006: elapsed=60s, phase=task-work implementation, files_changed=0, last_tool=Bash
[2026-06-12T20:08:39] START TASK-MEM-006: specialist:test-orchestrator invocation
[2026-06-12T20:09:39] SNAPSHOT TASK-MEM-006: elapsed=60s, phase=specialist:test-orchestrator invocation, files_changed=0, last_tool=Bash
[2026-06-12T20:10:05] START TASK-MEM-006: specialist:code-reviewer invocation
[2026-06-12T20:11:05] SNAPSHOT TASK-MEM-006: elapsed=60s, phase=specialist:code-reviewer invocation, files_changed=0, last_tool=Read
[2026-06-12T20:11:50] START TASK-MEM-006: Coach invocation
[2026-06-12T20:12:50] SNAPSHOT TASK-MEM-006: elapsed=60s, phase=Coach invocation, files_changed=0
[2026-06-12T20:13:50] SNAPSHOT TASK-MEM-006: elapsed=120s, phase=Coach invocation, files_changed=0
[2026-06-12T20:14:04] COMPLETE TASK-MEM-006: elapsed=1750s, decision=unrecoverable_stall, snapshots=2
[2026-06-12T20:17:35] START TASK-MEM-006: task-work implementation
[2026-06-12T20:18:35] SNAPSHOT TASK-MEM-006: elapsed=60s, phase=task-work implementation, files_changed=0, last_tool=Read
[2026-06-12T20:19:35] SNAPSHOT TASK-MEM-006: elapsed=120s, phase=task-work implementation, files_changed=0, last_tool=Bash
[2026-06-12T20:20:35] SNAPSHOT TASK-MEM-006: elapsed=180s, phase=task-work implementation, files_changed=1, last_tool=Write
[2026-06-12T20:21:08] START TASK-MEM-006: specialist:test-orchestrator invocation
[2026-06-12T20:22:08] SNAPSHOT TASK-MEM-006: elapsed=60s, phase=specialist:test-orchestrator invocation, files_changed=1, last_tool=Read
[2026-06-12T20:22:13] START TASK-MEM-006: specialist:code-reviewer invocation
[2026-06-12T20:23:13] SNAPSHOT TASK-MEM-006: elapsed=60s, phase=specialist:code-reviewer invocation, files_changed=0, last_tool=Bash
[2026-06-12T20:24:13] SNAPSHOT TASK-MEM-006: elapsed=120s, phase=specialist:code-reviewer invocation, files_changed=0, last_tool=Bash
[2026-06-12T20:25:13] SNAPSHOT TASK-MEM-006: elapsed=180s, phase=specialist:code-reviewer invocation, files_changed=0, last_tool=Read
[2026-06-12T20:26:14] START TASK-MEM-006: Coach invocation
[2026-06-12T20:27:14] SNAPSHOT TASK-MEM-006: elapsed=60s, phase=Coach invocation, files_changed=0
[2026-06-12T20:28:14] SNAPSHOT TASK-MEM-006: elapsed=120s, phase=Coach invocation, files_changed=0
[2026-06-12T20:28:15] COMPLETE TASK-MEM-006: elapsed=641s, decision=approved, snapshots=2
