[2026-06-12T20:28:17] START TASK-MEM-010: task-work implementation
[2026-06-12T20:29:17] SNAPSHOT TASK-MEM-010: elapsed=60s, phase=task-work implementation, files_changed=0, last_tool=Read
[2026-06-12T20:30:17] SNAPSHOT TASK-MEM-010: elapsed=120s, phase=task-work implementation, files_changed=0, last_tool=Read
[2026-06-12T20:31:17] SNAPSHOT TASK-MEM-010: elapsed=180s, phase=task-work implementation, files_changed=1, last_tool=Edit
[2026-06-12T20:32:17] SNAPSHOT TASK-MEM-010: elapsed=240s, phase=task-work implementation, files_changed=2, last_tool=Write
[2026-06-12T20:33:17] SNAPSHOT TASK-MEM-010: elapsed=300s, phase=task-work implementation, files_changed=5, last_tool=Edit
[2026-06-12T20:34:17] SNAPSHOT TASK-MEM-010: elapsed=360s, phase=task-work implementation, files_changed=7, last_tool=Bash
[2026-06-12T20:35:17] SNAPSHOT TASK-MEM-010: elapsed=420s, phase=task-work implementation, files_changed=8, last_tool=Bash
[2026-06-12T20:36:17] SNAPSHOT TASK-MEM-010: elapsed=480s, phase=task-work implementation, files_changed=8, last_tool=Bash
[2026-06-12T20:37:17] SNAPSHOT TASK-MEM-010: elapsed=540s, phase=task-work implementation, files_changed=9, last_tool=Bash
[2026-06-12T20:38:17] SNAPSHOT TASK-MEM-010: elapsed=600s, phase=task-work implementation, files_changed=9, last_tool=Bash
[2026-06-12T20:38:47] START TASK-MEM-010: specialist:test-orchestrator invocation
[2026-06-12T20:39:47] SNAPSHOT TASK-MEM-010: elapsed=60s, phase=specialist:test-orchestrator invocation, files_changed=0, last_tool=Bash
[2026-06-12T20:40:46] START TASK-MEM-010: specialist:code-reviewer invocation
[2026-06-12T20:41:46] SNAPSHOT TASK-MEM-010: elapsed=60s, phase=specialist:code-reviewer invocation, files_changed=0, last_tool=Bash
[2026-06-12T20:42:46] SNAPSHOT TASK-MEM-010: elapsed=120s, phase=specialist:code-reviewer invocation, files_changed=0, last_tool=Bash
[2026-06-12T20:43:46] SNAPSHOT TASK-MEM-010: elapsed=180s, phase=specialist:code-reviewer invocation, files_changed=0, last_tool=Bash
[2026-06-12T20:44:46] SNAPSHOT TASK-MEM-010: elapsed=240s, phase=specialist:code-reviewer invocation, files_changed=0, last_tool=Bash
[2026-06-12T20:45:46] SNAPSHOT TASK-MEM-010: elapsed=300s, phase=specialist:code-reviewer invocation, files_changed=0, last_tool=Bash
[2026-06-12T20:46:16] START TASK-MEM-010: Coach invocation
[2026-06-12T20:47:16] SNAPSHOT TASK-MEM-010: elapsed=60s, phase=Coach invocation, files_changed=0
[2026-06-12T20:47:47] START TASK-MEM-010: task-work implementation
[2026-06-12T20:48:47] SNAPSHOT TASK-MEM-010: elapsed=60s, phase=task-work implementation, files_changed=0
[2026-06-12T20:49:12] START TASK-MEM-010: specialist:test-orchestrator invocation
[2026-06-12T20:50:12] SNAPSHOT TASK-MEM-010: elapsed=60s, phase=specialist:test-orchestrator invocation, files_changed=0, last_tool=Bash
[2026-06-12T20:50:44] START TASK-MEM-010: specialist:code-reviewer invocation
[2026-06-12T20:51:44] SNAPSHOT TASK-MEM-010: elapsed=60s, phase=specialist:code-reviewer invocation, files_changed=0, last_tool=Bash
[2026-06-12T20:52:44] SNAPSHOT TASK-MEM-010: elapsed=120s, phase=specialist:code-reviewer invocation, files_changed=0, last_tool=Grep
[2026-06-12T20:53:44] SNAPSHOT TASK-MEM-010: elapsed=180s, phase=specialist:code-reviewer invocation, files_changed=0, last_tool=Read
[2026-06-12T20:54:44] SNAPSHOT TASK-MEM-010: elapsed=240s, phase=specialist:code-reviewer invocation, files_changed=0, last_tool=Bash
[2026-06-12T20:54:48] START TASK-MEM-010: Coach invocation
[2026-06-12T20:55:48] SNAPSHOT TASK-MEM-010: elapsed=60s, phase=Coach invocation, files_changed=0
[2026-06-12T20:56:32] START TASK-MEM-010: task-work implementation
[2026-06-12T20:58:43] START TASK-MEM-010: specialist:test-orchestrator invocation
[2026-06-12T20:59:43] SNAPSHOT TASK-MEM-010: elapsed=60s, phase=specialist:test-orchestrator invocation, files_changed=0, last_tool=Bash
[2026-06-12T20:59:49] START TASK-MEM-010: Coach invocation
[2026-06-12T21:00:49] SNAPSHOT TASK-MEM-010: elapsed=60s, phase=Coach invocation, files_changed=0
[2026-06-12T21:01:42] COMPLETE TASK-MEM-010: elapsed=2005s, decision=unrecoverable_stall, snapshots=1
[2026-06-12T21:13:03] START TASK-MEM-010: task-work implementation
[2026-06-12T21:14:03] SNAPSHOT TASK-MEM-010: elapsed=60s, phase=task-work implementation, files_changed=0, last_tool=Read
[2026-06-12T21:15:03] SNAPSHOT TASK-MEM-010: elapsed=120s, phase=task-work implementation, files_changed=0, last_tool=Bash
[2026-06-12T21:16:03] SNAPSHOT TASK-MEM-010: elapsed=180s, phase=task-work implementation, files_changed=0, last_tool=Bash
[2026-06-12T21:17:03] SNAPSHOT TASK-MEM-010: elapsed=240s, phase=task-work implementation, files_changed=0, last_tool=Bash
[2026-06-12T21:18:03] SNAPSHOT TASK-MEM-010: elapsed=300s, phase=task-work implementation, files_changed=1, last_tool=Read
[2026-06-12T21:19:03] SNAPSHOT TASK-MEM-010: elapsed=360s, phase=task-work implementation, files_changed=7, last_tool=Edit
[2026-06-12T21:20:03] SNAPSHOT TASK-MEM-010: elapsed=420s, phase=task-work implementation, files_changed=9, last_tool=Bash
[2026-06-12T21:20:24] START TASK-MEM-010: specialist:test-orchestrator invocation
[2026-06-12T21:21:24] SNAPSHOT TASK-MEM-010: elapsed=60s, phase=specialist:test-orchestrator invocation, files_changed=1, last_tool=Read
[2026-06-12T21:21:31] START TASK-MEM-010: specialist:code-reviewer invocation
[2026-06-12T21:22:31] SNAPSHOT TASK-MEM-010: elapsed=60s, phase=specialist:code-reviewer invocation, files_changed=0, last_tool=Bash
[2026-06-12T21:23:31] SNAPSHOT TASK-MEM-010: elapsed=120s, phase=specialist:code-reviewer invocation, files_changed=0, last_tool=Bash
[2026-06-12T21:24:31] SNAPSHOT TASK-MEM-010: elapsed=180s, phase=specialist:code-reviewer invocation, files_changed=0, last_tool=Bash
[2026-06-12T21:25:31] SNAPSHOT TASK-MEM-010: elapsed=240s, phase=specialist:code-reviewer invocation, files_changed=0, last_tool=Bash
[2026-06-12T21:25:53] START TASK-MEM-010: Coach invocation
[2026-06-12T21:26:53] SNAPSHOT TASK-MEM-010: elapsed=60s, phase=Coach invocation, files_changed=0
[2026-06-12T21:27:26] START TASK-MEM-010: task-work implementation
[2026-06-12T21:28:26] SNAPSHOT TASK-MEM-010: elapsed=60s, phase=task-work implementation, files_changed=0, last_tool=Bash
[2026-06-12T21:29:26] SNAPSHOT TASK-MEM-010: elapsed=120s, phase=task-work implementation, files_changed=1, last_tool=Read
[2026-06-12T21:30:26] SNAPSHOT TASK-MEM-010: elapsed=180s, phase=task-work implementation, files_changed=7, last_tool=Edit
[2026-06-12T21:30:55] START TASK-MEM-010: specialist:test-orchestrator invocation
[2026-06-12T21:31:55] SNAPSHOT TASK-MEM-010: elapsed=60s, phase=specialist:test-orchestrator invocation, files_changed=1, last_tool=Read
[2026-06-12T21:32:03] START TASK-MEM-010: specialist:code-reviewer invocation
[2026-06-12T21:33:03] SNAPSHOT TASK-MEM-010: elapsed=60s, phase=specialist:code-reviewer invocation, files_changed=0, last_tool=Bash
[2026-06-12T21:34:03] SNAPSHOT TASK-MEM-010: elapsed=120s, phase=specialist:code-reviewer invocation, files_changed=0, last_tool=Bash
[2026-06-12T21:34:40] START TASK-MEM-010: Coach invocation
[2026-06-12T21:35:40] SNAPSHOT TASK-MEM-010: elapsed=60s, phase=Coach invocation, files_changed=0
[2026-06-12T21:36:40] SNAPSHOT TASK-MEM-010: elapsed=120s, phase=Coach invocation, files_changed=0
[2026-06-12T21:37:40] SNAPSHOT TASK-MEM-010: elapsed=180s, phase=Coach invocation, files_changed=0
[2026-06-12T21:37:56] START TASK-MEM-010: task-work implementation
[2026-06-12T21:38:56] SNAPSHOT TASK-MEM-010: elapsed=60s, phase=task-work implementation, files_changed=0, last_tool=Bash
[2026-06-12T21:39:56] SNAPSHOT TASK-MEM-010: elapsed=120s, phase=task-work implementation, files_changed=0, last_tool=Bash
[2026-06-12T21:40:44] START TASK-MEM-010: specialist:test-orchestrator invocation
[2026-06-12T21:41:44] SNAPSHOT TASK-MEM-010: elapsed=60s, phase=specialist:test-orchestrator invocation, files_changed=1, last_tool=Read
[2026-06-12T21:41:50] START TASK-MEM-010: Coach invocation
[2026-06-12T21:42:50] SNAPSHOT TASK-MEM-010: elapsed=60s, phase=Coach invocation, files_changed=0
[2026-06-12T21:43:50] SNAPSHOT TASK-MEM-010: elapsed=120s, phase=Coach invocation, files_changed=0
[2026-06-12T21:44:50] SNAPSHOT TASK-MEM-010: elapsed=180s, phase=Coach invocation, files_changed=0
[2026-06-12T21:45:03] COMPLETE TASK-MEM-010: elapsed=1922s, decision=unrecoverable_stall, snapshots=3
[2026-06-12T21:47:05] START TASK-MEM-010: task-work implementation
[2026-06-12T21:48:05] SNAPSHOT TASK-MEM-010: elapsed=60s, phase=task-work implementation, files_changed=0, last_tool=Read
[2026-06-12T21:49:05] SNAPSHOT TASK-MEM-010: elapsed=120s, phase=task-work implementation, files_changed=0, last_tool=Bash
[2026-06-12T21:50:05] SNAPSHOT TASK-MEM-010: elapsed=180s, phase=task-work implementation, files_changed=1, last_tool=Bash
[2026-06-12T21:51:05] SNAPSHOT TASK-MEM-010: elapsed=240s, phase=task-work implementation, files_changed=1, last_tool=Bash
[2026-06-12T21:52:05] SNAPSHOT TASK-MEM-010: elapsed=300s, phase=task-work implementation, files_changed=1, last_tool=Bash
[2026-06-12T21:57:21] START TASK-MEM-010: task-work implementation
[2026-06-12T21:58:21] SNAPSHOT TASK-MEM-010: elapsed=60s, phase=task-work implementation, files_changed=0, last_tool=Read
[2026-06-12T21:59:21] SNAPSHOT TASK-MEM-010: elapsed=120s, phase=task-work implementation, files_changed=0, last_tool=Bash
[2026-06-12T22:00:21] SNAPSHOT TASK-MEM-010: elapsed=180s, phase=task-work implementation, files_changed=0, last_tool=Read
[2026-06-12T22:01:21] SNAPSHOT TASK-MEM-010: elapsed=240s, phase=task-work implementation, files_changed=0, last_tool=Read
[2026-06-12T22:02:01] START TASK-MEM-010: specialist:test-orchestrator invocation
[2026-06-12T22:03:01] SNAPSHOT TASK-MEM-010: elapsed=60s, phase=specialist:test-orchestrator invocation, files_changed=0, last_tool=Bash
[2026-06-12T22:03:35] START TASK-MEM-010: specialist:code-reviewer invocation
[2026-06-12T22:04:35] SNAPSHOT TASK-MEM-010: elapsed=60s, phase=specialist:code-reviewer invocation, files_changed=0, last_tool=Read
[2026-06-12T22:05:35] SNAPSHOT TASK-MEM-010: elapsed=120s, phase=specialist:code-reviewer invocation, files_changed=0, last_tool=Bash
[2026-06-12T22:06:35] SNAPSHOT TASK-MEM-010: elapsed=180s, phase=specialist:code-reviewer invocation, files_changed=0, last_tool=Bash
[2026-06-12T22:06:52] START TASK-MEM-010: Coach invocation
[2026-06-12T22:07:52] SNAPSHOT TASK-MEM-010: elapsed=60s, phase=Coach invocation, files_changed=0
[2026-06-12T22:08:52] SNAPSHOT TASK-MEM-010: elapsed=120s, phase=Coach invocation, files_changed=0
[2026-06-12T22:08:59] COMPLETE TASK-MEM-010: elapsed=699s, decision=approved, snapshots=2
