[2026-06-12T22:09:08] START TASK-MEM-012: task-work implementation
[2026-06-12T22:10:08] SNAPSHOT TASK-MEM-012: elapsed=60s, phase=task-work implementation, files_changed=0, last_tool=Read
[2026-06-12T22:11:08] SNAPSHOT TASK-MEM-012: elapsed=120s, phase=task-work implementation, files_changed=0, last_tool=Bash
[2026-06-12T22:12:08] SNAPSHOT TASK-MEM-012: elapsed=180s, phase=task-work implementation, files_changed=1, last_tool=Write
[2026-06-12T22:13:08] SNAPSHOT TASK-MEM-012: elapsed=240s, phase=task-work implementation, files_changed=2, last_tool=Bash
[2026-06-12T22:14:08] SNAPSHOT TASK-MEM-012: elapsed=300s, phase=task-work implementation, files_changed=2, last_tool=Bash
[2026-06-12T22:14:40] START TASK-MEM-012: specialist:test-orchestrator invocation
[2026-06-12T22:15:35] START TASK-MEM-012: specialist:code-reviewer invocation
[2026-06-12T22:16:35] SNAPSHOT TASK-MEM-012: elapsed=60s, phase=specialist:code-reviewer invocation, files_changed=0, last_tool=Bash
[2026-06-12T22:17:35] SNAPSHOT TASK-MEM-012: elapsed=120s, phase=specialist:code-reviewer invocation, files_changed=0, last_tool=Bash
[2026-06-12T22:18:35] SNAPSHOT TASK-MEM-012: elapsed=180s, phase=specialist:code-reviewer invocation, files_changed=0, last_tool=Bash
[2026-06-12T22:19:00] START TASK-MEM-012: Coach invocation
[2026-06-12T22:20:00] SNAPSHOT TASK-MEM-012: elapsed=60s, phase=Coach invocation, files_changed=0
[2026-06-12T22:20:07] START TASK-MEM-012: task-work implementation
[2026-06-12T22:21:07] SNAPSHOT TASK-MEM-012: elapsed=60s, phase=task-work implementation, files_changed=0, last_tool=Read
[2026-06-12T22:22:07] SNAPSHOT TASK-MEM-012: elapsed=120s, phase=task-work implementation, files_changed=1, last_tool=Bash
[2026-06-12T22:23:07] SNAPSHOT TASK-MEM-012: elapsed=180s, phase=task-work implementation, files_changed=2, last_tool=Bash
[2026-06-12T22:24:07] SNAPSHOT TASK-MEM-012: elapsed=240s, phase=task-work implementation, files_changed=2, last_tool=Bash
[2026-06-12T22:24:18] START TASK-MEM-012: specialist:test-orchestrator invocation
[2026-06-12T22:25:12] START TASK-MEM-012: specialist:code-reviewer invocation
[2026-06-12T22:26:12] SNAPSHOT TASK-MEM-012: elapsed=60s, phase=specialist:code-reviewer invocation, files_changed=0, last_tool=Read
[2026-06-12T22:27:12] SNAPSHOT TASK-MEM-012: elapsed=120s, phase=specialist:code-reviewer invocation, files_changed=0, last_tool=Bash
[2026-06-12T22:28:12] SNAPSHOT TASK-MEM-012: elapsed=180s, phase=specialist:code-reviewer invocation, files_changed=0, last_tool=Grep
[2026-06-12T22:28:19] START TASK-MEM-012: Coach invocation
[2026-06-12T22:29:19] SNAPSHOT TASK-MEM-012: elapsed=60s, phase=Coach invocation, files_changed=0
[2026-06-12T22:30:19] SNAPSHOT TASK-MEM-012: elapsed=120s, phase=Coach invocation, files_changed=0
[2026-06-12T22:30:22] START TASK-MEM-012: task-work implementation
[2026-06-12T22:31:22] SNAPSHOT TASK-MEM-012: elapsed=60s, phase=task-work implementation, files_changed=0, last_tool=Bash
[2026-06-12T22:32:22] SNAPSHOT TASK-MEM-012: elapsed=120s, phase=task-work implementation, files_changed=0, last_tool=Bash
[2026-06-12T22:33:22] SNAPSHOT TASK-MEM-012: elapsed=180s, phase=task-work implementation, files_changed=0, last_tool=Bash
[2026-06-12T22:33:45] START TASK-MEM-012: specialist:test-orchestrator invocation
[2026-06-12T22:34:45] SNAPSHOT TASK-MEM-012: elapsed=60s, phase=specialist:test-orchestrator invocation, files_changed=0, last_tool=Bash
[2026-06-12T22:35:45] SNAPSHOT TASK-MEM-012: elapsed=120s, phase=specialist:test-orchestrator invocation, files_changed=0, last_tool=Read
[2026-06-12T22:36:11] START TASK-MEM-012: specialist:code-reviewer invocation
[2026-06-12T22:37:11] SNAPSHOT TASK-MEM-012: elapsed=60s, phase=specialist:code-reviewer invocation, files_changed=0, last_tool=Read
[2026-06-12T22:37:35] START TASK-MEM-012: Coach invocation
[2026-06-12T22:38:35] SNAPSHOT TASK-MEM-012: elapsed=60s, phase=Coach invocation, files_changed=0
[2026-06-12T22:39:35] SNAPSHOT TASK-MEM-012: elapsed=120s, phase=Coach invocation, files_changed=0
[2026-06-12T22:40:35] SNAPSHOT TASK-MEM-012: elapsed=180s, phase=Coach invocation, files_changed=0
[2026-06-12T22:41:00] COMPLETE TASK-MEM-012: elapsed=1912s, decision=unrecoverable_stall, snapshots=3
[2026-06-12T22:42:49] START TASK-MEM-012: task-work implementation
[2026-06-12T22:43:49] SNAPSHOT TASK-MEM-012: elapsed=60s, phase=task-work implementation, files_changed=0, last_tool=Read
[2026-06-12T22:44:49] SNAPSHOT TASK-MEM-012: elapsed=120s, phase=task-work implementation, files_changed=0, last_tool=Bash
[2026-06-12T22:45:31] START TASK-MEM-012: specialist:test-orchestrator invocation
[2026-06-12T22:46:31] SNAPSHOT TASK-MEM-012: elapsed=60s, phase=specialist:test-orchestrator invocation, files_changed=0, last_tool=Bash
[2026-06-12T22:47:31] SNAPSHOT TASK-MEM-012: elapsed=120s, phase=specialist:test-orchestrator invocation, files_changed=1, last_tool=Bash
[2026-06-12T22:48:31] START TASK-MEM-012: specialist:code-reviewer invocation
[2026-06-12T22:49:31] SNAPSHOT TASK-MEM-012: elapsed=60s, phase=specialist:code-reviewer invocation, files_changed=0, last_tool=Bash
[2026-06-12T22:50:31] SNAPSHOT TASK-MEM-012: elapsed=120s, phase=specialist:code-reviewer invocation, files_changed=0, last_tool=Bash
[2026-06-12T22:51:31] SNAPSHOT TASK-MEM-012: elapsed=180s, phase=specialist:code-reviewer invocation, files_changed=0, last_tool=Bash
[2026-06-12T22:52:29] START TASK-MEM-012: Coach invocation
[2026-06-12T22:53:29] SNAPSHOT TASK-MEM-012: elapsed=60s, phase=Coach invocation, files_changed=0
[2026-06-12T22:53:43] START TASK-MEM-012: task-work implementation
[2026-06-12T22:54:43] SNAPSHOT TASK-MEM-012: elapsed=60s, phase=task-work implementation, files_changed=0, last_tool=Bash
[2026-06-12T22:55:43] SNAPSHOT TASK-MEM-012: elapsed=120s, phase=task-work implementation, files_changed=1, last_tool=Bash
[2026-06-12T22:56:43] SNAPSHOT TASK-MEM-012: elapsed=180s, phase=task-work implementation, files_changed=2, last_tool=Write
[2026-06-12T22:56:44] START TASK-MEM-012: specialist:test-orchestrator invocation
[2026-06-12T22:57:44] SNAPSHOT TASK-MEM-012: elapsed=60s, phase=specialist:test-orchestrator invocation, files_changed=1, last_tool=Bash
[2026-06-12T22:58:44] SNAPSHOT TASK-MEM-012: elapsed=120s, phase=specialist:test-orchestrator invocation, files_changed=1, last_tool=Bash
[2026-06-12T22:59:06] START TASK-MEM-012: specialist:code-reviewer invocation
[2026-06-12T23:00:06] SNAPSHOT TASK-MEM-012: elapsed=60s, phase=specialist:code-reviewer invocation, files_changed=0, last_tool=Read
[2026-06-12T23:01:06] SNAPSHOT TASK-MEM-012: elapsed=120s, phase=specialist:code-reviewer invocation, files_changed=0, last_tool=Bash
[2026-06-12T23:02:06] SNAPSHOT TASK-MEM-012: elapsed=180s, phase=specialist:code-reviewer invocation, files_changed=0, last_tool=Read
[2026-06-12T23:03:06] SNAPSHOT TASK-MEM-012: elapsed=240s, phase=specialist:code-reviewer invocation, files_changed=0, last_tool=Grep
[2026-06-12T23:03:55] START TASK-MEM-012: Coach invocation
[2026-06-12T23:04:55] SNAPSHOT TASK-MEM-012: elapsed=60s, phase=Coach invocation, files_changed=0
[2026-06-12T23:05:54] COMPLETE TASK-MEM-012: elapsed=1386s, decision=approved, snapshots=1
