[2026-06-14T09:34:27] START TASK-RIP-010: task-work implementation
[2026-06-14T09:35:27] SNAPSHOT TASK-RIP-010: elapsed=60s, phase=task-work implementation, files_changed=0, last_tool=Read
[2026-06-14T09:36:27] SNAPSHOT TASK-RIP-010: elapsed=120s, phase=task-work implementation, files_changed=0, last_tool=Read
[2026-06-14T09:37:27] SNAPSHOT TASK-RIP-010: elapsed=180s, phase=task-work implementation, files_changed=1, last_tool=Write
[2026-06-14T09:38:27] SNAPSHOT TASK-RIP-010: elapsed=240s, phase=task-work implementation, files_changed=2, last_tool=Bash
[2026-06-14T09:39:27] SNAPSHOT TASK-RIP-010: elapsed=300s, phase=task-work implementation, files_changed=2, last_tool=Bash
[2026-06-14T09:40:27] SNAPSHOT TASK-RIP-010: elapsed=360s, phase=task-work implementation, files_changed=2, last_tool=Bash
[2026-06-14T09:41:27] SNAPSHOT TASK-RIP-010: elapsed=420s, phase=task-work implementation, files_changed=2, last_tool=Bash
[2026-06-14T09:42:27] SNAPSHOT TASK-RIP-010: elapsed=480s, phase=task-work implementation, files_changed=2, last_tool=Bash
[2026-06-14T09:43:27] SNAPSHOT TASK-RIP-010: elapsed=540s, phase=task-work implementation, files_changed=2, last_tool=Bash
[2026-06-14T09:44:27] SNAPSHOT TASK-RIP-010: elapsed=600s, phase=task-work implementation, files_changed=3, last_tool=Edit
[2026-06-14T09:45:27] SNAPSHOT TASK-RIP-010: elapsed=660s, phase=task-work implementation, files_changed=6, last_tool=Edit
[2026-06-14T09:46:27] SNAPSHOT TASK-RIP-010: elapsed=720s, phase=task-work implementation, files_changed=9, last_tool=Edit
[2026-06-14T09:47:27] SNAPSHOT TASK-RIP-010: elapsed=780s, phase=task-work implementation, files_changed=10, last_tool=Bash
[2026-06-14T09:48:27] SNAPSHOT TASK-RIP-010: elapsed=840s, phase=task-work implementation, files_changed=13, last_tool=Bash
[2026-06-14T09:49:27] SNAPSHOT TASK-RIP-010: elapsed=900s, phase=task-work implementation, files_changed=14, last_tool=Bash
[2026-06-14T09:50:27] SNAPSHOT TASK-RIP-010: elapsed=960s, phase=task-work implementation, files_changed=16, last_tool=Bash
[2026-06-14T09:51:19] START TASK-RIP-010: specialist:test-orchestrator invocation
[2026-06-14T09:52:19] SNAPSHOT TASK-RIP-010: elapsed=60s, phase=specialist:test-orchestrator invocation, files_changed=1, last_tool=Write
[2026-06-14T09:52:26] START TASK-RIP-010: specialist:code-reviewer invocation
[2026-06-14T09:53:26] SNAPSHOT TASK-RIP-010: elapsed=60s, phase=specialist:code-reviewer invocation, files_changed=0, last_tool=Bash
[2026-06-14T09:54:26] SNAPSHOT TASK-RIP-010: elapsed=120s, phase=specialist:code-reviewer invocation, files_changed=0, last_tool=Grep
[2026-06-14T09:55:27] SNAPSHOT TASK-RIP-010: elapsed=180s, phase=specialist:code-reviewer invocation, files_changed=0, last_tool=Read
[2026-06-14T09:56:01] START TASK-RIP-010: Coach invocation
[2026-06-14T09:57:01] SNAPSHOT TASK-RIP-010: elapsed=60s, phase=Coach invocation, files_changed=0
[2026-06-14T09:57:59] COMPLETE TASK-RIP-010: elapsed=1413s, decision=approved, snapshots=1
