[2026-06-13T14:53:03] START TASK-RLY-006: task-work implementation
[2026-06-13T14:54:03] SNAPSHOT TASK-RLY-006: elapsed=60s, phase=task-work implementation, files_changed=0, last_tool=Read
[2026-06-13T14:55:03] SNAPSHOT TASK-RLY-006: elapsed=120s, phase=task-work implementation, files_changed=1, last_tool=Bash
[2026-06-13T14:56:03] SNAPSHOT TASK-RLY-006: elapsed=180s, phase=task-work implementation, files_changed=4, last_tool=Edit
[2026-06-13T14:57:03] SNAPSHOT TASK-RLY-006: elapsed=240s, phase=task-work implementation, files_changed=7, last_tool=Edit
[2026-06-13T14:58:03] SNAPSHOT TASK-RLY-006: elapsed=300s, phase=task-work implementation, files_changed=8, last_tool=Bash
[2026-06-13T14:59:03] SNAPSHOT TASK-RLY-006: elapsed=360s, phase=task-work implementation, files_changed=11, last_tool=Edit
[2026-06-13T15:00:03] SNAPSHOT TASK-RLY-006: elapsed=420s, phase=task-work implementation, files_changed=16, last_tool=Bash
[2026-06-13T15:01:03] SNAPSHOT TASK-RLY-006: elapsed=480s, phase=task-work implementation, files_changed=16, last_tool=Bash
[2026-06-13T15:02:03] SNAPSHOT TASK-RLY-006: elapsed=540s, phase=task-work implementation, files_changed=17, last_tool=Bash
[2026-06-13T15:02:38] START TASK-RLY-006: specialist:test-orchestrator invocation
[2026-06-13T15:03:25] START TASK-RLY-006: specialist:code-reviewer invocation
[2026-06-13T15:04:25] SNAPSHOT TASK-RLY-006: elapsed=60s, phase=specialist:code-reviewer invocation, files_changed=0, last_tool=Bash
[2026-06-13T15:05:25] SNAPSHOT TASK-RLY-006: elapsed=120s, phase=specialist:code-reviewer invocation, files_changed=0, last_tool=Bash
[2026-06-13T15:06:25] SNAPSHOT TASK-RLY-006: elapsed=180s, phase=specialist:code-reviewer invocation, files_changed=0, last_tool=Read
[2026-06-13T15:07:25] SNAPSHOT TASK-RLY-006: elapsed=240s, phase=specialist:code-reviewer invocation, files_changed=0, last_tool=Read
[2026-06-13T15:07:38] START TASK-RLY-006: Coach invocation
[2026-06-13T15:08:38] SNAPSHOT TASK-RLY-006: elapsed=60s, phase=Coach invocation, files_changed=0
[2026-06-13T15:09:25] START TASK-RLY-006: task-work implementation
[2026-06-13T15:10:25] SNAPSHOT TASK-RLY-006: elapsed=60s, phase=task-work implementation, files_changed=0, last_tool=Read
[2026-06-13T15:11:25] SNAPSHOT TASK-RLY-006: elapsed=120s, phase=task-work implementation, files_changed=2, last_tool=Read
[2026-06-13T15:12:25] SNAPSHOT TASK-RLY-006: elapsed=180s, phase=task-work implementation, files_changed=2, last_tool=Bash
[2026-06-13T15:12:48] START TASK-RLY-006: specialist:test-orchestrator invocation
[2026-06-13T15:13:48] SNAPSHOT TASK-RLY-006: elapsed=60s, phase=specialist:test-orchestrator invocation, files_changed=1, last_tool=Write
[2026-06-13T15:14:11] START TASK-RLY-006: specialist:code-reviewer invocation
[2026-06-13T15:15:11] SNAPSHOT TASK-RLY-006: elapsed=60s, phase=specialist:code-reviewer invocation, files_changed=0, last_tool=Bash
[2026-06-13T15:16:11] SNAPSHOT TASK-RLY-006: elapsed=120s, phase=specialist:code-reviewer invocation, files_changed=0, last_tool=Grep
[2026-06-13T15:17:11] SNAPSHOT TASK-RLY-006: elapsed=180s, phase=specialist:code-reviewer invocation, files_changed=0, last_tool=Grep
[2026-06-13T15:17:21] START TASK-RLY-006: Coach invocation
[2026-06-13T15:18:21] SNAPSHOT TASK-RLY-006: elapsed=60s, phase=Coach invocation, files_changed=0
[2026-06-13T15:19:21] SNAPSHOT TASK-RLY-006: elapsed=120s, phase=Coach invocation, files_changed=0
[2026-06-13T15:19:58] COMPLETE TASK-RLY-006: elapsed=1615s, decision=approved, snapshots=2
