[2026-06-12T20:28:17] START TASK-MEM-009: task-work implementation
[2026-06-12T20:29:17] SNAPSHOT TASK-MEM-009: elapsed=60s, phase=task-work implementation, files_changed=0, last_tool=Read
[2026-06-12T20:30:17] SNAPSHOT TASK-MEM-009: elapsed=120s, phase=task-work implementation, files_changed=0, last_tool=Read
[2026-06-12T20:31:17] SNAPSHOT TASK-MEM-009: elapsed=180s, phase=task-work implementation, files_changed=1, last_tool=Bash
[2026-06-12T20:32:17] SNAPSHOT TASK-MEM-009: elapsed=240s, phase=task-work implementation, files_changed=1, last_tool=Bash
[2026-06-12T20:32:52] START TASK-MEM-009: specialist:test-orchestrator invocation
[2026-06-12T20:33:52] SNAPSHOT TASK-MEM-009: elapsed=60s, phase=specialist:test-orchestrator invocation, files_changed=1, last_tool=Read
[2026-06-12T20:33:56] START TASK-MEM-009: specialist:code-reviewer invocation
[2026-06-12T20:34:56] SNAPSHOT TASK-MEM-009: elapsed=60s, phase=specialist:code-reviewer invocation, files_changed=0, last_tool=Bash
[2026-06-12T20:35:56] SNAPSHOT TASK-MEM-009: elapsed=120s, phase=specialist:code-reviewer invocation, files_changed=0, last_tool=Read
[2026-06-12T20:36:56] SNAPSHOT TASK-MEM-009: elapsed=180s, phase=specialist:code-reviewer invocation, files_changed=0, last_tool=Grep
[2026-06-12T20:37:56] SNAPSHOT TASK-MEM-009: elapsed=240s, phase=specialist:code-reviewer invocation, files_changed=0, last_tool=Bash
[2026-06-12T20:38:14] START TASK-MEM-009: Coach invocation
[2026-06-12T20:39:14] SNAPSHOT TASK-MEM-009: elapsed=60s, phase=Coach invocation, files_changed=0
[2026-06-12T20:40:12] START TASK-MEM-009: task-work implementation
[2026-06-12T20:41:12] SNAPSHOT TASK-MEM-009: elapsed=60s, phase=task-work implementation, files_changed=1, last_tool=Bash
[2026-06-12T20:42:12] SNAPSHOT TASK-MEM-009: elapsed=120s, phase=task-work implementation, files_changed=1, last_tool=Read
[2026-06-12T20:43:12] SNAPSHOT TASK-MEM-009: elapsed=180s, phase=task-work implementation, files_changed=2, last_tool=Read
[2026-06-12T20:43:45] START TASK-MEM-009: specialist:test-orchestrator invocation
[2026-06-12T20:44:45] SNAPSHOT TASK-MEM-009: elapsed=60s, phase=specialist:test-orchestrator invocation, files_changed=0, last_tool=Read
[2026-06-12T20:45:10] START TASK-MEM-009: specialist:code-reviewer invocation
[2026-06-12T20:46:10] SNAPSHOT TASK-MEM-009: elapsed=60s, phase=specialist:code-reviewer invocation, files_changed=0, last_tool=Read
[2026-06-12T20:47:10] SNAPSHOT TASK-MEM-009: elapsed=120s, phase=specialist:code-reviewer invocation, files_changed=0, last_tool=Bash
[2026-06-12T20:48:10] SNAPSHOT TASK-MEM-009: elapsed=180s, phase=specialist:code-reviewer invocation, files_changed=0, last_tool=Bash
[2026-06-12T20:49:10] SNAPSHOT TASK-MEM-009: elapsed=240s, phase=specialist:code-reviewer invocation, files_changed=0, last_tool=Bash
[2026-06-12T20:49:32] START TASK-MEM-009: Coach invocation
[2026-06-12T20:50:32] SNAPSHOT TASK-MEM-009: elapsed=60s, phase=Coach invocation, files_changed=0
[2026-06-12T20:51:32] SNAPSHOT TASK-MEM-009: elapsed=120s, phase=Coach invocation, files_changed=0
[2026-06-12T20:52:32] SNAPSHOT TASK-MEM-009: elapsed=180s, phase=Coach invocation, files_changed=0
[2026-06-12T20:52:39] START TASK-MEM-009: task-work implementation
[2026-06-12T20:53:39] SNAPSHOT TASK-MEM-009: elapsed=60s, phase=task-work implementation, files_changed=0, last_tool=Bash
[2026-06-12T20:54:39] SNAPSHOT TASK-MEM-009: elapsed=120s, phase=task-work implementation, files_changed=0, last_tool=Bash
[2026-06-12T20:56:20] START TASK-MEM-009: specialist:test-orchestrator invocation
[2026-06-12T20:57:20] SNAPSHOT TASK-MEM-009: elapsed=60s, phase=specialist:test-orchestrator invocation, files_changed=0, last_tool=Read
[2026-06-12T20:57:26] COMPLETE TASK-MEM-009: elapsed=1750s, decision=error, snapshots=1
[2026-06-12T21:13:07] START TASK-MEM-009: task-work implementation
[2026-06-12T21:14:07] SNAPSHOT TASK-MEM-009: elapsed=60s, phase=task-work implementation, files_changed=0, last_tool=Read
[2026-06-12T21:15:07] SNAPSHOT TASK-MEM-009: elapsed=120s, phase=task-work implementation, files_changed=0, last_tool=Bash
[2026-06-12T21:16:07] SNAPSHOT TASK-MEM-009: elapsed=180s, phase=task-work implementation, files_changed=3, last_tool=Edit
[2026-06-12T21:17:07] SNAPSHOT TASK-MEM-009: elapsed=240s, phase=task-work implementation, files_changed=3, last_tool=Bash
[2026-06-12T21:18:07] SNAPSHOT TASK-MEM-009: elapsed=300s, phase=task-work implementation, files_changed=4, last_tool=Read
[2026-06-12T21:18:46] START TASK-MEM-009: specialist:test-orchestrator invocation
[2026-06-12T21:19:43] START TASK-MEM-009: specialist:code-reviewer invocation
[2026-06-12T21:20:43] SNAPSHOT TASK-MEM-009: elapsed=60s, phase=specialist:code-reviewer invocation, files_changed=0, last_tool=Read
[2026-06-12T21:21:43] SNAPSHOT TASK-MEM-009: elapsed=120s, phase=specialist:code-reviewer invocation, files_changed=0, last_tool=Read
[2026-06-12T21:22:43] SNAPSHOT TASK-MEM-009: elapsed=180s, phase=specialist:code-reviewer invocation, files_changed=0, last_tool=Bash
[2026-06-12T21:23:44] START TASK-MEM-009: Coach invocation
[2026-06-12T21:24:44] SNAPSHOT TASK-MEM-009: elapsed=60s, phase=Coach invocation, files_changed=0
[2026-06-12T21:25:31] COMPLETE TASK-MEM-009: elapsed=750s, decision=approved, snapshots=1
