[2026-06-13T22:39:18] START TASK-RIP-002: task-work implementation
[2026-06-13T22:40:18] SNAPSHOT TASK-RIP-002: elapsed=60s, phase=task-work implementation, files_changed=0, last_tool=Read
[2026-06-13T22:41:18] SNAPSHOT TASK-RIP-002: elapsed=120s, phase=task-work implementation, files_changed=0, last_tool=Bash
[2026-06-13T22:42:18] SNAPSHOT TASK-RIP-002: elapsed=180s, phase=task-work implementation, files_changed=4, last_tool=Bash
[2026-06-13T22:43:18] SNAPSHOT TASK-RIP-002: elapsed=240s, phase=task-work implementation, files_changed=5, last_tool=Bash
[2026-06-13T22:44:18] SNAPSHOT TASK-RIP-002: elapsed=300s, phase=task-work implementation, files_changed=6, last_tool=Write
[2026-06-13T22:44:34] START TASK-RIP-002: specialist:test-orchestrator invocation
[2026-06-13T22:45:12] START TASK-RIP-002: specialist:code-reviewer invocation
[2026-06-13T22:46:12] SNAPSHOT TASK-RIP-002: elapsed=60s, phase=specialist:code-reviewer invocation, files_changed=0, last_tool=Bash
[2026-06-13T22:47:13] START TASK-RIP-002: Coach invocation
[2026-06-13T22:48:13] SNAPSHOT TASK-RIP-002: elapsed=60s, phase=Coach invocation, files_changed=0
[2026-06-13T22:48:34] START TASK-RIP-002: task-work implementation
[2026-06-13T22:49:34] SNAPSHOT TASK-RIP-002: elapsed=60s, phase=task-work implementation, files_changed=0, last_tool=Bash
[2026-06-13T22:50:34] SNAPSHOT TASK-RIP-002: elapsed=120s, phase=task-work implementation, files_changed=1, last_tool=Read
[2026-06-13T22:50:42] START TASK-RIP-002: specialist:test-orchestrator invocation
[2026-06-13T22:51:42] SNAPSHOT TASK-RIP-002: elapsed=60s, phase=specialist:test-orchestrator invocation, files_changed=0, last_tool=Bash
[2026-06-13T22:51:56] START TASK-RIP-002: specialist:code-reviewer invocation
[2026-06-13T22:52:56] SNAPSHOT TASK-RIP-002: elapsed=60s, phase=specialist:code-reviewer invocation, files_changed=0, last_tool=Grep
[2026-06-13T22:53:56] SNAPSHOT TASK-RIP-002: elapsed=120s, phase=specialist:code-reviewer invocation, files_changed=0, last_tool=Bash
[2026-06-13T22:54:56] SNAPSHOT TASK-RIP-002: elapsed=180s, phase=specialist:code-reviewer invocation, files_changed=0, last_tool=Bash
[2026-06-13T22:55:56] SNAPSHOT TASK-RIP-002: elapsed=240s, phase=specialist:code-reviewer invocation, files_changed=0, last_tool=Bash
[2026-06-13T22:59:06] START TASK-RIP-002: Coach invocation
[2026-06-13T23:00:06] SNAPSHOT TASK-RIP-002: elapsed=60s, phase=Coach invocation, files_changed=0
[2026-06-13T23:01:05] START TASK-RIP-002: task-work implementation
[2026-06-13T23:02:05] SNAPSHOT TASK-RIP-002: elapsed=60s, phase=task-work implementation, files_changed=0, last_tool=Bash
[2026-06-13T23:03:05] SNAPSHOT TASK-RIP-002: elapsed=120s, phase=task-work implementation, files_changed=0, last_tool=Read
[2026-06-13T23:03:23] START TASK-RIP-002: specialist:test-orchestrator invocation
[2026-06-13T23:04:17] START TASK-RIP-002: specialist:code-reviewer invocation
[2026-06-13T23:05:17] SNAPSHOT TASK-RIP-002: elapsed=60s, phase=specialist:code-reviewer invocation, files_changed=0, last_tool=Read
[2026-06-13T23:05:24] START TASK-RIP-002: Coach invocation
[2026-06-13T23:06:24] SNAPSHOT TASK-RIP-002: elapsed=60s, phase=Coach invocation, files_changed=0
[2026-06-13T23:07:17] COMPLETE TASK-RIP-002: elapsed=1782s, decision=unrecoverable_stall, snapshots=1
[2026-06-14T07:07:19] START TASK-RIP-002: task-work implementation
[2026-06-14T07:08:19] SNAPSHOT TASK-RIP-002: elapsed=60s, phase=task-work implementation, files_changed=0, last_tool=Read
[2026-06-14T07:09:19] SNAPSHOT TASK-RIP-002: elapsed=120s, phase=task-work implementation, files_changed=0, last_tool=Bash
[2026-06-14T07:10:19] SNAPSHOT TASK-RIP-002: elapsed=180s, phase=task-work implementation, files_changed=4, last_tool=Read
[2026-06-14T07:11:19] SNAPSHOT TASK-RIP-002: elapsed=240s, phase=task-work implementation, files_changed=6, last_tool=Edit
[2026-06-14T07:12:19] SNAPSHOT TASK-RIP-002: elapsed=300s, phase=task-work implementation, files_changed=8, last_tool=Bash
[2026-06-14T07:13:19] SNAPSHOT TASK-RIP-002: elapsed=360s, phase=task-work implementation, files_changed=9, last_tool=Write
[2026-06-14T07:13:23] START TASK-RIP-002: specialist:test-orchestrator invocation
[2026-06-14T07:14:15] START TASK-RIP-002: specialist:code-reviewer invocation
[2026-06-14T07:15:15] SNAPSHOT TASK-RIP-002: elapsed=60s, phase=specialist:code-reviewer invocation, files_changed=0, last_tool=Bash
[2026-06-14T07:16:15] SNAPSHOT TASK-RIP-002: elapsed=120s, phase=specialist:code-reviewer invocation, files_changed=0, last_tool=Bash
[2026-06-14T07:17:15] SNAPSHOT TASK-RIP-002: elapsed=180s, phase=specialist:code-reviewer invocation, files_changed=0, last_tool=Bash
[2026-06-14T07:17:22] START TASK-RIP-002: Coach invocation
[2026-06-14T07:18:21] START TASK-RIP-002: task-work implementation
[2026-06-14T07:19:21] SNAPSHOT TASK-RIP-002: elapsed=60s, phase=task-work implementation, files_changed=0, last_tool=Bash
[2026-06-14T07:20:02] START TASK-RIP-002: specialist:test-orchestrator invocation
[2026-06-14T07:24:37] START TASK-RIP-002: task-work implementation
[2026-06-14T07:25:37] SNAPSHOT TASK-RIP-002: elapsed=60s, phase=task-work implementation, files_changed=0, last_tool=Read
[2026-06-14T07:26:37] SNAPSHOT TASK-RIP-002: elapsed=120s, phase=task-work implementation, files_changed=0, last_tool=Bash
[2026-06-14T07:27:37] SNAPSHOT TASK-RIP-002: elapsed=180s, phase=task-work implementation, files_changed=0, last_tool=Bash
[2026-06-14T07:28:24] START TASK-RIP-002: specialist:test-orchestrator invocation
[2026-06-14T07:29:20] START TASK-RIP-002: specialist:code-reviewer invocation
[2026-06-14T07:30:20] SNAPSHOT TASK-RIP-002: elapsed=60s, phase=specialist:code-reviewer invocation, files_changed=0, last_tool=Read
[2026-06-14T07:31:20] SNAPSHOT TASK-RIP-002: elapsed=120s, phase=specialist:code-reviewer invocation, files_changed=0, last_tool=Bash
[2026-06-14T07:32:20] SNAPSHOT TASK-RIP-002: elapsed=180s, phase=specialist:code-reviewer invocation, files_changed=0, last_tool=Read
[2026-06-14T07:32:27] START TASK-RIP-002: Coach invocation
[2026-06-14T07:33:27] SNAPSHOT TASK-RIP-002: elapsed=60s, phase=Coach invocation, files_changed=0
[2026-06-14T07:33:41] START TASK-RIP-002: task-work implementation
[2026-06-14T07:34:41] SNAPSHOT TASK-RIP-002: elapsed=60s, phase=task-work implementation, files_changed=0, last_tool=Bash
[2026-06-14T07:35:41] SNAPSHOT TASK-RIP-002: elapsed=120s, phase=task-work implementation, files_changed=1, last_tool=Read
[2026-06-14T07:36:11] START TASK-RIP-002: specialist:test-orchestrator invocation
[2026-06-14T07:37:11] SNAPSHOT TASK-RIP-002: elapsed=60s, phase=specialist:test-orchestrator invocation, files_changed=0, last_tool=Read
[2026-06-14T07:37:53] START TASK-RIP-002: specialist:code-reviewer invocation
[2026-06-14T07:38:53] SNAPSHOT TASK-RIP-002: elapsed=60s, phase=specialist:code-reviewer invocation, files_changed=0, last_tool=Read
[2026-06-14T07:39:53] SNAPSHOT TASK-RIP-002: elapsed=120s, phase=specialist:code-reviewer invocation, files_changed=0, last_tool=Bash
[2026-06-14T07:40:53] SNAPSHOT TASK-RIP-002: elapsed=180s, phase=specialist:code-reviewer invocation, files_changed=0, last_tool=Bash
[2026-06-14T07:41:53] SNAPSHOT TASK-RIP-002: elapsed=240s, phase=specialist:code-reviewer invocation, files_changed=0, last_tool=Bash
[2026-06-14T07:42:02] START TASK-RIP-002: Coach invocation
[2026-06-14T07:43:02] SNAPSHOT TASK-RIP-002: elapsed=60s, phase=Coach invocation, files_changed=0
[2026-06-14T07:43:36] START TASK-RIP-002: task-work implementation
[2026-06-14T07:44:36] SNAPSHOT TASK-RIP-002: elapsed=60s, phase=task-work implementation, files_changed=0, last_tool=Read
[2026-06-14T07:45:36] SNAPSHOT TASK-RIP-002: elapsed=120s, phase=task-work implementation, files_changed=0, last_tool=Bash
[2026-06-14T07:46:36] SNAPSHOT TASK-RIP-002: elapsed=180s, phase=task-work implementation, files_changed=1, last_tool=Read
[2026-06-14T07:47:04] START TASK-RIP-002: specialist:test-orchestrator invocation
[2026-06-14T07:48:04] SNAPSHOT TASK-RIP-002: elapsed=60s, phase=specialist:test-orchestrator invocation, files_changed=0, last_tool=Bash
[2026-06-14T07:48:31] START TASK-RIP-002: specialist:code-reviewer invocation
[2026-06-14T07:49:31] SNAPSHOT TASK-RIP-002: elapsed=60s, phase=specialist:code-reviewer invocation, files_changed=0, last_tool=Bash
[2026-06-14T07:50:31] SNAPSHOT TASK-RIP-002: elapsed=120s, phase=specialist:code-reviewer invocation, files_changed=0, last_tool=Read
[2026-06-14T07:51:20] START TASK-RIP-002: Coach invocation
[2026-06-14T07:52:20] SNAPSHOT TASK-RIP-002: elapsed=60s, phase=Coach invocation, files_changed=0
[2026-06-14T07:53:10] COMPLETE TASK-RIP-002: elapsed=1715s, decision=approved, snapshots=1
