[2026-06-13T22:39:18] START TASK-RIP-001: task-work implementation
[2026-06-13T22:40:18] SNAPSHOT TASK-RIP-001: elapsed=60s, phase=task-work implementation, files_changed=0, last_tool=Read
[2026-06-13T22:41:18] SNAPSHOT TASK-RIP-001: elapsed=120s, phase=task-work implementation, files_changed=2, last_tool=Write
[2026-06-13T22:42:18] SNAPSHOT TASK-RIP-001: elapsed=180s, phase=task-work implementation, files_changed=5, last_tool=Bash
[2026-06-13T22:43:18] SNAPSHOT TASK-RIP-001: elapsed=240s, phase=task-work implementation, files_changed=6, last_tool=Bash
[2026-06-13T22:43:55] START TASK-RIP-001: specialist:test-orchestrator invocation
[2026-06-13T22:44:48] START TASK-RIP-001: specialist:code-reviewer invocation
[2026-06-13T22:45:48] SNAPSHOT TASK-RIP-001: elapsed=60s, phase=specialist:code-reviewer invocation, files_changed=0, last_tool=Bash
[2026-06-13T22:46:45] START TASK-RIP-001: Coach invocation
[2026-06-13T22:47:45] SNAPSHOT TASK-RIP-001: elapsed=60s, phase=Coach invocation, files_changed=0
[2026-06-13T22:48:22] START TASK-RIP-001: task-work implementation
[2026-06-13T22:49:22] SNAPSHOT TASK-RIP-001: elapsed=60s, phase=task-work implementation, files_changed=0, last_tool=Bash
[2026-06-13T22:50:22] SNAPSHOT TASK-RIP-001: elapsed=120s, phase=task-work implementation, files_changed=1, last_tool=Write
[2026-06-13T22:50:23] START TASK-RIP-001: specialist:test-orchestrator invocation
[2026-06-13T22:51:23] SNAPSHOT TASK-RIP-001: elapsed=60s, phase=specialist:test-orchestrator invocation, files_changed=1, last_tool=Bash
[2026-06-13T22:51:36] START TASK-RIP-001: specialist:code-reviewer invocation
[2026-06-13T22:52:36] SNAPSHOT TASK-RIP-001: elapsed=60s, phase=specialist:code-reviewer invocation, files_changed=0, last_tool=Bash
[2026-06-13T22:53:36] SNAPSHOT TASK-RIP-001: elapsed=120s, phase=specialist:code-reviewer invocation, files_changed=0, last_tool=Bash
[2026-06-13T22:54:24] START TASK-RIP-001: Coach invocation
[2026-06-13T22:55:24] SNAPSHOT TASK-RIP-001: elapsed=60s, phase=Coach invocation, files_changed=0
[2026-06-13T22:55:32] START TASK-RIP-001: task-work implementation
[2026-06-13T22:56:32] SNAPSHOT TASK-RIP-001: elapsed=60s, phase=task-work implementation, files_changed=0, last_tool=Read
[2026-06-13T22:57:32] SNAPSHOT TASK-RIP-001: elapsed=120s, phase=task-work implementation, files_changed=0, last_tool=Bash
[2026-06-13T22:58:08] START TASK-RIP-001: specialist:test-orchestrator invocation
[2026-06-13T22:59:04] START TASK-RIP-001: specialist:code-reviewer invocation
[2026-06-13T23:00:04] SNAPSHOT TASK-RIP-001: elapsed=60s, phase=specialist:code-reviewer invocation, files_changed=0, last_tool=Bash
[2026-06-13T23:01:04] SNAPSHOT TASK-RIP-001: elapsed=120s, phase=specialist:code-reviewer invocation, files_changed=0, last_tool=Grep
[2026-06-13T23:01:47] START TASK-RIP-001: Coach invocation
[2026-06-13T23:02:47] SNAPSHOT TASK-RIP-001: elapsed=60s, phase=Coach invocation, files_changed=0
[2026-06-13T23:03:32] COMPLETE TASK-RIP-001: elapsed=1556s, decision=approved, snapshots=1
[2026-06-14T07:24:37] START TASK-RIP-001: task-work implementation
[2026-06-14T07:25:37] SNAPSHOT TASK-RIP-001: elapsed=60s, phase=task-work implementation, files_changed=0, last_tool=Read
[2026-06-14T07:26:37] SNAPSHOT TASK-RIP-001: elapsed=120s, phase=task-work implementation, files_changed=1, last_tool=Bash
[2026-06-14T07:27:37] SNAPSHOT TASK-RIP-001: elapsed=180s, phase=task-work implementation, files_changed=2, last_tool=Read
[2026-06-14T07:28:19] START TASK-RIP-001: specialist:test-orchestrator invocation
[2026-06-14T07:29:19] SNAPSHOT TASK-RIP-001: elapsed=60s, phase=specialist:test-orchestrator invocation, files_changed=0, last_tool=Bash
[2026-06-14T07:29:46] START TASK-RIP-001: specialist:code-reviewer invocation
[2026-06-14T07:30:46] SNAPSHOT TASK-RIP-001: elapsed=60s, phase=specialist:code-reviewer invocation, files_changed=0, last_tool=Bash
[2026-06-14T07:31:46] SNAPSHOT TASK-RIP-001: elapsed=120s, phase=specialist:code-reviewer invocation, files_changed=0, last_tool=Bash
[2026-06-14T07:32:46] SNAPSHOT TASK-RIP-001: elapsed=180s, phase=specialist:code-reviewer invocation, files_changed=0, last_tool=Read
[2026-06-14T07:33:16] START TASK-RIP-001: Coach invocation
[2026-06-14T07:34:16] SNAPSHOT TASK-RIP-001: elapsed=60s, phase=Coach invocation, files_changed=0
[2026-06-14T07:35:16] SNAPSHOT TASK-RIP-001: elapsed=120s, phase=Coach invocation, files_changed=0
[2026-06-14T07:35:51] START TASK-RIP-001: task-work implementation
[2026-06-14T07:36:51] SNAPSHOT TASK-RIP-001: elapsed=60s, phase=task-work implementation, files_changed=0, last_tool=Bash
[2026-06-14T07:37:51] SNAPSHOT TASK-RIP-001: elapsed=120s, phase=task-work implementation, files_changed=2, last_tool=Write
[2026-06-14T07:38:06] START TASK-RIP-001: specialist:test-orchestrator invocation
[2026-06-14T07:39:06] SNAPSHOT TASK-RIP-001: elapsed=60s, phase=specialist:test-orchestrator invocation, files_changed=1, last_tool=Bash
[2026-06-14T07:39:29] START TASK-RIP-001: specialist:code-reviewer invocation
[2026-06-14T07:40:29] SNAPSHOT TASK-RIP-001: elapsed=60s, phase=specialist:code-reviewer invocation, files_changed=0, last_tool=Grep
[2026-06-14T07:41:29] SNAPSHOT TASK-RIP-001: elapsed=120s, phase=specialist:code-reviewer invocation, files_changed=0, last_tool=Bash
[2026-06-14T07:41:41] START TASK-RIP-001: Coach invocation
[2026-06-14T07:42:41] SNAPSHOT TASK-RIP-001: elapsed=60s, phase=Coach invocation, files_changed=0
[2026-06-14T07:43:41] SNAPSHOT TASK-RIP-001: elapsed=120s, phase=Coach invocation, files_changed=0
[2026-06-14T07:43:55] START TASK-RIP-001: task-work implementation
[2026-06-14T07:44:55] SNAPSHOT TASK-RIP-001: elapsed=60s, phase=task-work implementation, files_changed=0, last_tool=Read
[2026-06-14T07:45:55] SNAPSHOT TASK-RIP-001: elapsed=120s, phase=task-work implementation, files_changed=0, last_tool=Bash
[2026-06-14T07:46:55] SNAPSHOT TASK-RIP-001: elapsed=180s, phase=task-work implementation, files_changed=0, last_tool=Bash
[2026-06-14T07:47:55] SNAPSHOT TASK-RIP-001: elapsed=240s, phase=task-work implementation, files_changed=1, last_tool=Read
[2026-06-14T07:48:27] START TASK-RIP-001: specialist:test-orchestrator invocation
[2026-06-14T07:49:23] START TASK-RIP-001: specialist:code-reviewer invocation
[2026-06-14T07:50:23] SNAPSHOT TASK-RIP-001: elapsed=60s, phase=specialist:code-reviewer invocation, files_changed=0, last_tool=Bash
[2026-06-14T07:51:23] SNAPSHOT TASK-RIP-001: elapsed=120s, phase=specialist:code-reviewer invocation, files_changed=0, last_tool=Bash
[2026-06-14T07:52:23] SNAPSHOT TASK-RIP-001: elapsed=180s, phase=specialist:code-reviewer invocation, files_changed=0, last_tool=Grep
[2026-06-14T07:53:09] START TASK-RIP-001: Coach invocation
[2026-06-14T07:54:09] SNAPSHOT TASK-RIP-001: elapsed=60s, phase=Coach invocation, files_changed=0
[2026-06-14T07:55:09] SNAPSHOT TASK-RIP-001: elapsed=120s, phase=Coach invocation, files_changed=0
[2026-06-14T07:55:31] COMPLETE TASK-RIP-001: elapsed=1855s, decision=approved, snapshots=2
