[2026-06-12T18:17:36] START TASK-MEM-002: Player invocation
[2026-06-12T18:18:36] SNAPSHOT TASK-MEM-002: elapsed=60s, phase=Player invocation, files_changed=2, last_tool=Write
[2026-06-12T18:19:36] SNAPSHOT TASK-MEM-002: elapsed=120s, phase=Player invocation, files_changed=2, last_tool=Write
[2026-06-12T18:20:36] SNAPSHOT TASK-MEM-002: elapsed=180s, phase=Player invocation, files_changed=3, last_tool=Bash
[2026-06-12T18:21:36] SNAPSHOT TASK-MEM-002: elapsed=240s, phase=Player invocation, files_changed=4, last_tool=Write
[2026-06-12T18:21:52] START TASK-MEM-002: Coach invocation
[2026-06-12T18:22:52] SNAPSHOT TASK-MEM-002: elapsed=60s, phase=Coach invocation, files_changed=0
[2026-06-12T18:23:45] START TASK-MEM-002: Player invocation
[2026-06-12T18:24:45] SNAPSHOT TASK-MEM-002: elapsed=60s, phase=Player invocation, files_changed=0, last_tool=Bash
[2026-06-12T18:25:45] SNAPSHOT TASK-MEM-002: elapsed=120s, phase=Player invocation, files_changed=1, last_tool=Write
[2026-06-12T18:26:09] START TASK-MEM-002: Coach invocation
[2026-06-12T18:27:09] SNAPSHOT TASK-MEM-002: elapsed=60s, phase=Coach invocation, files_changed=0
[2026-06-12T18:28:01] START TASK-MEM-002: Player invocation
[2026-06-12T18:29:01] SNAPSHOT TASK-MEM-002: elapsed=60s, phase=Player invocation, files_changed=0, last_tool=Bash
[2026-06-12T18:30:01] SNAPSHOT TASK-MEM-002: elapsed=120s, phase=Player invocation, files_changed=0, last_tool=Bash
[2026-06-12T18:31:08] START TASK-MEM-002: Coach invocation
[2026-06-12T18:32:08] SNAPSHOT TASK-MEM-002: elapsed=60s, phase=Coach invocation, files_changed=0
[2026-06-12T18:32:49] COMPLETE TASK-MEM-002: elapsed=915s, decision=unrecoverable_stall, snapshots=1
[2026-06-12T18:52:07] START TASK-MEM-002: Player invocation
[2026-06-12T18:53:07] SNAPSHOT TASK-MEM-002: elapsed=60s, phase=Player invocation, files_changed=0, last_tool=Bash
[2026-06-12T18:54:07] SNAPSHOT TASK-MEM-002: elapsed=120s, phase=Player invocation, files_changed=0, last_tool=Bash
[2026-06-12T18:55:00] START TASK-MEM-002: Coach invocation
[2026-06-12T18:56:00] SNAPSHOT TASK-MEM-002: elapsed=60s, phase=Coach invocation, files_changed=0
[2026-06-12T18:56:41] COMPLETE TASK-MEM-002: elapsed=276s, decision=approved, snapshots=1
