[2026-06-14T08:38:08] START TASK-RIP-007: task-work implementation
[2026-06-14T08:39:08] SNAPSHOT TASK-RIP-007: elapsed=60s, phase=task-work implementation, files_changed=0, last_tool=Read
[2026-06-14T08:40:08] SNAPSHOT TASK-RIP-007: elapsed=120s, phase=task-work implementation, files_changed=0, last_tool=Grep
[2026-06-14T08:41:08] SNAPSHOT TASK-RIP-007: elapsed=180s, phase=task-work implementation, files_changed=3, last_tool=Edit
[2026-06-14T08:42:08] SNAPSHOT TASK-RIP-007: elapsed=240s, phase=task-work implementation, files_changed=4, last_tool=Write
[2026-06-14T08:42:22] START TASK-RIP-007: specialist:test-orchestrator invocation
[2026-06-14T08:43:22] SNAPSHOT TASK-RIP-007: elapsed=60s, phase=specialist:test-orchestrator invocation, files_changed=1, last_tool=Write
[2026-06-14T08:43:29] START TASK-RIP-007: specialist:code-reviewer invocation
[2026-06-14T08:44:29] SNAPSHOT TASK-RIP-007: elapsed=60s, phase=specialist:code-reviewer invocation, files_changed=0, last_tool=Bash
[2026-06-14T08:45:29] SNAPSHOT TASK-RIP-007: elapsed=120s, phase=specialist:code-reviewer invocation, files_changed=0, last_tool=Read
[2026-06-14T08:46:29] SNAPSHOT TASK-RIP-007: elapsed=180s, phase=specialist:code-reviewer invocation, files_changed=0, last_tool=Bash
[2026-06-14T08:46:59] START TASK-RIP-007: Coach invocation
[2026-06-14T08:47:59] SNAPSHOT TASK-RIP-007: elapsed=60s, phase=Coach invocation, files_changed=0
[2026-06-14T08:48:55] START TASK-RIP-007: task-work implementation
[2026-06-14T08:49:55] SNAPSHOT TASK-RIP-007: elapsed=60s, phase=task-work implementation, files_changed=0, last_tool=Bash
[2026-06-14T08:50:26] START TASK-RIP-007: specialist:test-orchestrator invocation
[2026-06-14T08:51:26] SNAPSHOT TASK-RIP-007: elapsed=60s, phase=specialist:test-orchestrator invocation, files_changed=0, last_tool=Read
[2026-06-14T08:51:58] START TASK-RIP-007: specialist:code-reviewer invocation
[2026-06-14T08:52:58] SNAPSHOT TASK-RIP-007: elapsed=60s, phase=specialist:code-reviewer invocation, files_changed=0, last_tool=Read
[2026-06-14T08:53:58] SNAPSHOT TASK-RIP-007: elapsed=120s, phase=specialist:code-reviewer invocation, files_changed=0, last_tool=Bash
[2026-06-14T08:54:51] START TASK-RIP-007: Coach invocation
[2026-06-14T08:55:51] SNAPSHOT TASK-RIP-007: elapsed=60s, phase=Coach invocation, files_changed=0
[2026-06-14T08:56:22] START TASK-RIP-007: task-work implementation
[2026-06-14T08:57:22] SNAPSHOT TASK-RIP-007: elapsed=60s, phase=task-work implementation, files_changed=0, last_tool=Bash
[2026-06-14T08:58:22] SNAPSHOT TASK-RIP-007: elapsed=120s, phase=task-work implementation, files_changed=0, last_tool=Bash
[2026-06-14T08:59:10] START TASK-RIP-007: specialist:test-orchestrator invocation
[2026-06-14T09:00:10] SNAPSHOT TASK-RIP-007: elapsed=60s, phase=specialist:test-orchestrator invocation, files_changed=0, last_tool=Read
[2026-06-14T09:01:00] START TASK-RIP-007: specialist:code-reviewer invocation
[2026-06-14T09:02:00] SNAPSHOT TASK-RIP-007: elapsed=60s, phase=specialist:code-reviewer invocation, files_changed=0, last_tool=Glob
[2026-06-14T09:03:00] SNAPSHOT TASK-RIP-007: elapsed=120s, phase=specialist:code-reviewer invocation, files_changed=0, last_tool=Bash
[2026-06-14T09:04:00] SNAPSHOT TASK-RIP-007: elapsed=180s, phase=specialist:code-reviewer invocation, files_changed=0, last_tool=Bash
[2026-06-14T09:05:00] SNAPSHOT TASK-RIP-007: elapsed=240s, phase=specialist:code-reviewer invocation, files_changed=0, last_tool=Bash
[2026-06-14T09:05:08] START TASK-RIP-007: Coach invocation
[2026-06-14T09:06:08] SNAPSHOT TASK-RIP-007: elapsed=60s, phase=Coach invocation, files_changed=0
[2026-06-14T09:06:22] COMPLETE TASK-RIP-007: elapsed=1695s, decision=unrecoverable_stall, snapshots=1
[2026-06-14T09:09:37] START TASK-RIP-007: task-work implementation
[2026-06-14T09:10:37] SNAPSHOT TASK-RIP-007: elapsed=60s, phase=task-work implementation, files_changed=0, last_tool=Read
[2026-06-14T09:11:37] SNAPSHOT TASK-RIP-007: elapsed=120s, phase=task-work implementation, files_changed=0, last_tool=Bash
[2026-06-14T09:12:37] SNAPSHOT TASK-RIP-007: elapsed=180s, phase=task-work implementation, files_changed=1, last_tool=Read
[2026-06-14T09:13:05] START TASK-RIP-007: specialist:test-orchestrator invocation
[2026-06-14T09:14:05] SNAPSHOT TASK-RIP-007: elapsed=60s, phase=specialist:test-orchestrator invocation, files_changed=1, last_tool=Read
[2026-06-14T09:14:38] START TASK-RIP-007: specialist:code-reviewer invocation
[2026-06-14T09:15:38] SNAPSHOT TASK-RIP-007: elapsed=60s, phase=specialist:code-reviewer invocation, files_changed=0, last_tool=Bash
[2026-06-14T09:16:38] SNAPSHOT TASK-RIP-007: elapsed=120s, phase=specialist:code-reviewer invocation, files_changed=0, last_tool=Read
[2026-06-14T09:17:38] SNAPSHOT TASK-RIP-007: elapsed=180s, phase=specialist:code-reviewer invocation, files_changed=0, last_tool=Bash
[2026-06-14T09:18:38] SNAPSHOT TASK-RIP-007: elapsed=240s, phase=specialist:code-reviewer invocation, files_changed=0, last_tool=Bash
[2026-06-14T09:18:47] START TASK-RIP-007: Coach invocation
[2026-06-14T09:19:47] SNAPSHOT TASK-RIP-007: elapsed=60s, phase=Coach invocation, files_changed=0
[2026-06-14T09:20:47] SNAPSHOT TASK-RIP-007: elapsed=120s, phase=Coach invocation, files_changed=0
[2026-06-14T09:21:15] COMPLETE TASK-RIP-007: elapsed=699s, decision=approved, snapshots=2
