[2026-06-14T08:17:05] START TASK-RIP-005: task-work implementation
[2026-06-14T08:18:05] SNAPSHOT TASK-RIP-005: elapsed=60s, phase=task-work implementation, files_changed=0, last_tool=Read
[2026-06-14T08:19:05] SNAPSHOT TASK-RIP-005: elapsed=120s, phase=task-work implementation, files_changed=1, last_tool=Bash
[2026-06-14T08:20:05] SNAPSHOT TASK-RIP-005: elapsed=180s, phase=task-work implementation, files_changed=3, last_tool=Read
[2026-06-14T08:21:05] SNAPSHOT TASK-RIP-005: elapsed=240s, phase=task-work implementation, files_changed=5, last_tool=Write
[2026-06-14T08:21:15] START TASK-RIP-005: specialist:test-orchestrator invocation
[2026-06-14T08:21:56] START TASK-RIP-005: specialist:code-reviewer invocation
[2026-06-14T08:22:56] SNAPSHOT TASK-RIP-005: elapsed=60s, phase=specialist:code-reviewer invocation, files_changed=0, last_tool=Read
[2026-06-14T08:23:56] SNAPSHOT TASK-RIP-005: elapsed=120s, phase=specialist:code-reviewer invocation, files_changed=0, last_tool=Read
[2026-06-14T08:24:56] SNAPSHOT TASK-RIP-005: elapsed=180s, phase=specialist:code-reviewer invocation, files_changed=0, last_tool=Read
[2026-06-14T08:24:59] START TASK-RIP-005: Coach invocation
[2026-06-14T08:25:59] SNAPSHOT TASK-RIP-005: elapsed=60s, phase=Coach invocation, files_changed=0
[2026-06-14T08:26:30] START TASK-RIP-005: task-work implementation
[2026-06-14T08:27:30] SNAPSHOT TASK-RIP-005: elapsed=60s, phase=task-work implementation, files_changed=0, last_tool=Read
[2026-06-14T08:28:30] SNAPSHOT TASK-RIP-005: elapsed=120s, phase=task-work implementation, files_changed=1, last_tool=Bash
[2026-06-14T08:29:30] SNAPSHOT TASK-RIP-005: elapsed=180s, phase=task-work implementation, files_changed=5, last_tool=Bash
[2026-06-14T08:30:30] SNAPSHOT TASK-RIP-005: elapsed=240s, phase=task-work implementation, files_changed=9, last_tool=Edit
[2026-06-14T08:31:30] SNAPSHOT TASK-RIP-005: elapsed=300s, phase=task-work implementation, files_changed=11, last_tool=Bash
[2026-06-14T08:32:04] START TASK-RIP-005: specialist:test-orchestrator invocation
[2026-06-14T08:32:53] START TASK-RIP-005: specialist:code-reviewer invocation
[2026-06-14T08:33:53] SNAPSHOT TASK-RIP-005: elapsed=60s, phase=specialist:code-reviewer invocation, files_changed=0, last_tool=Bash
[2026-06-14T08:34:53] SNAPSHOT TASK-RIP-005: elapsed=120s, phase=specialist:code-reviewer invocation, files_changed=0, last_tool=Bash
[2026-06-14T08:35:53] SNAPSHOT TASK-RIP-005: elapsed=180s, phase=specialist:code-reviewer invocation, files_changed=0, last_tool=Grep
[2026-06-14T08:36:36] START TASK-RIP-005: Coach invocation
[2026-06-14T08:37:36] SNAPSHOT TASK-RIP-005: elapsed=60s, phase=Coach invocation, files_changed=0
[2026-06-14T08:37:56] COMPLETE TASK-RIP-005: elapsed=1251s, decision=approved, snapshots=1
